adapter speed: 1000 kHz
Error: session's transport is not selected.
Info : session transport was not selected, defaulting to JTAG
cc3200_dbginit
Info : clock speed 1000 kHz
Info : JTAG tap: cc3200.jrc tap/device found: 0x0b97c02f (mfg: 0x017, part: 0xb97c, ver: 0x0)
Info : JTAG tap: cc3200.dap enabled
Info : cc3200.cpu: hardware has 6 breakpoints, 4 watchpoints
Info : accepting 'gdb' connection from pipe
undefined debug reason 7 - target needs reset
Error: JTAG-DP STICKY ERROR
Error: MEM_AP_CSW 0x23000062, MEM_AP_TAR 0xa5a5a5a8
Error: Failed to read memory at 0xa5a5a5a8
Error: JTAG-DP STICKY ERROR
Error: MEM_AP_CSW 0x23000050, MEM_AP_TAR 0x3d3d4d78
Error: Failed to read memory at 0x3d3d4d78
Error: JTAG-DP STICKY ERROR
Error: MEM_AP_CSW 0x23000050, MEM_AP_TAR 0x3d3d4d78
Error: Failed to read memory at 0x3d3d4d78
requesting target halt and executing a soft reset
Warn : soft_reset_halt is deprecated, please use 'reset halt' instead.
target state: halted
target halted due to breakpoint, current mode: Thread 
xPSR: 0x01000000 pc: 0x00008d1c msp: 0x20004000
Info : dropped 'gdb' connection
