adapter speed: 1000 kHz
Error: session's transport is not selected.
Info : session transport was not selected, defaulting to JTAG
cc3200_dbginit
Info : clock speed 1000 kHz
Info : JTAG tap: cc3200.jrc tap/device found: 0x0b97c02f (mfg: 0x017, part: 0xb97c, ver: 0x0)
Info : JTAG tap: cc3200.dap enabled
Info : cc3200.cpu: hardware has 6 breakpoints, 4 watchpoints
Info : accepting 'gdb' connection from pipe
target state: halted
target halted due to debug-request, current mode: Thread 
xPSR: 0x81000000 pc: 0x00002822 msp: 0x20003f98
requesting target halt and executing a soft reset
Warn : soft_reset_halt is deprecated, please use 'reset halt' instead.
target state: halted
target halted due to debug-request, current mode: Thread 
xPSR: 0x01000000 pc: 0x00008d1c msp: 0x20004000
Error: JTAG-DP STICKY ERROR
Error: MEM_AP_CSW 0x23000050, MEM_AP_TAR 0xd1f9380e
Error: Failed to read memory at 0xd1f9380e
Info : dropped 'gdb' connection
